[2023-06-15 17:56:35,203]148 numexpr.utils - INFO - Note: NumExpr detected 16 cores but "NUMEXPR_MAX_THREADS" not set, so enforcing safe limit of 8.
[2023-06-15 17:56:35,203]160 numexpr.utils - INFO - NumExpr defaulting to 8 threads.
[2023-06-15 17:56:36,216]24 root - INFO - Data Ingestion methods starts
[2023-06-15 17:56:36,315]27 root - INFO - Dataset read as pandas DataFrame
[2023-06-15 17:56:36,930]30 root - INFO - Train test split
[2023-06-15 17:56:37,572]36 root - INFO - Data ingestion is completed
[2023-06-15 17:56:37,710]76 root - INFO - Read train and test completed
[2023-06-15 17:56:37,718]77 root - INFO - Train Dataframe head:
<bound method DataFrame.to_string of        id  carat        cut  ...     y     z  price
0  175534   0.33  Very Good  ...  4.47  2.76    666
1   73194   0.32      Ideal  ...  4.42  2.73    730
2    8542   0.31      Ideal  ...  4.35  2.69    694
3  131923   2.13    Premium  ...  8.18  5.10  11713
4   17775   0.54      Ideal  ...  5.22  3.23   1397

[5 rows x 11 columns]>
[2023-06-15 17:56:37,726]78 root - INFO - Test DataFrame Head :
<bound method DataFrame.to_string of        id  carat        cut  ...     y     z  price
0  133709   1.29  Very Good  ...  7.01  4.20   3881
1  139836   0.72      Ideal  ...  5.80  3.56   2804
2  157498   1.03    Premium  ...  6.34  3.97   3755
3   74096   0.30      Ideal  ...  4.32  2.65   1170
4  176078   0.70  Very Good  ...  5.74  3.42   2753

[5 rows x 11 columns]>
[2023-06-15 17:56:37,726]80 root - INFO - Obtaining preprocessing object
[2023-06-15 17:56:37,726]26 root - INFO - Data Transformation initiated
[2023-06-15 17:56:37,726]36 root - INFO - Pipeline Initiated
[2023-06-15 17:56:37,921]95 root - INFO - Applying preprocessing object on training and testing datasets.
[2023-06-15 17:56:37,928]105 root - INFO - Preprocessor pickle file saved
